2020-08-27 14:05:36,536 [INFO] Activator:178 - 


2020-08-27 14:05:36,539 [INFO] Activator:179 - !SESSION log4j initialized
2020-08-27 14:13:41,855 [INFO] Activator:178 - 


2020-08-27 14:13:41,863 [INFO] Activator:179 - !SESSION log4j initialized
2020-08-27 14:14:01,010 [INFO] ApplicationProperties:181 - Using Application install path: /opt/stm32cubeide/plugins/com.st.stm32cube.common.mx_6.0.0.202007160824
2020-08-27 14:14:01,069 [INFO] DbMcusXml:70 - Set database path to: /opt/stm32cubeide/plugins/com.st.stm32cube.common.mx_6.0.0.202007160824//db//mcu/
2020-08-27 14:14:01,075 [INFO] DbBoardsPdsc:56 - Set plugin database path to: /opt/stm32cubeide/plugins/com.st.stm32cube.common.mx_6.0.0.202007160824//db//plugins/boardmanager/
2020-08-27 14:14:01,077 [INFO] DbMcus:258 - Set plugin images path to: /opt/stm32cubeide/plugins/com.st.stm32cube.common.mx_6.0.0.202007160824//db//plugins/mcufinder/images/
2020-08-27 14:14:01,078 [INFO] DbBoards:264 - Set plugin images path to: /opt/stm32cubeide/plugins/com.st.stm32cube.common.mx_6.0.0.202007160824//db//plugins/mcufinder/images/
2020-08-27 14:14:01,082 [INFO] DbExamples:326 - Set plugin images path to: /opt/stm32cubeide/plugins/com.st.stm32cube.common.mx_6.0.0.202007160824//db//plugins/mcufinder/images/
2020-08-27 14:14:03,082 [WARN] ApiFinderProperties:99 - /home/jsf/.stmcufinder/plugins/mcufinder/mcu/mcuFinder.mfd doesn't exist
2020-08-27 14:14:03,098 [INFO] DbMcusDocs:112 - Set database path to: /home/jsf/.stmcufinder/plugins/mcufinder//mcu/
2020-08-27 14:14:03,114 [INFO] DbMcusJson:63 - Set database path to: /home/jsf/.stmcufinder/plugins/mcufinder//mcu/
2020-08-27 14:14:03,117 [INFO] DbBoardsDocs:112 - Set database path to: /home/jsf/.stmcufinder/plugins/mcufinder//mcu/
2020-08-27 14:14:03,120 [INFO] DbBoardsJson:56 - Set database path to: /home/jsf/.stmcufinder/plugins/mcufinder//mcu/
2020-08-27 14:14:03,173 [INFO] CrossReferenceDbSqlite:196 - Set database path to: /home/jsf/.stmcufinder/plugins/mcufinder//mcu/cs/
2020-08-27 14:14:03,177 [INFO] DbExamplesSqlite:800 - Set database path to: /home/jsf/.stmcufinder/plugins/mcufinder//mcu/
2020-08-27 14:14:03,451 [INFO] RulesReader:52 - Compatibility file has been processed (209 Rules)
2020-08-27 14:14:03,650 [INFO] MicroXplorer:564 - Detected Java Version = 1.8.0_252
2020-08-27 14:14:03,651 [INFO] DbMcusXml:70 - Set database path to: /opt/stm32cubeide/plugins/com.st.stm32cube.common.mx_6.0.0.202007160824//db//mcu/
2020-08-27 14:14:03,652 [INFO] DbBoardsPdsc:56 - Set plugin database path to: /opt/stm32cubeide/plugins/com.st.stm32cube.common.mx_6.0.0.202007160824//db//plugins/boardmanager/
2020-08-27 14:14:03,652 [INFO] DbMcus:258 - Set plugin images path to: /opt/stm32cubeide/plugins/com.st.stm32cube.common.mx_6.0.0.202007160824//db//plugins/mcufinder/images/
2020-08-27 14:14:03,652 [INFO] DbBoards:264 - Set plugin images path to: /opt/stm32cubeide/plugins/com.st.stm32cube.common.mx_6.0.0.202007160824//db//plugins/mcufinder/images/
2020-08-27 14:14:03,653 [INFO] DbExamples:326 - Set plugin images path to: /opt/stm32cubeide/plugins/com.st.stm32cube.common.mx_6.0.0.202007160824//db//plugins/mcufinder/images/
2020-08-27 14:14:03,653 [WARN] DbFile:36 - Overriding database path with different value: /home/jsf/.stmcufinder/plugins/mcufinder/ => /home/jsf/.stmcufinder/plugins/mcufinder
2020-08-27 14:14:03,653 [INFO] DbMcusDocs:112 - Set database path to: /home/jsf/.stmcufinder/plugins/mcufinder//mcu/
2020-08-27 14:14:03,653 [WARN] DbFile:36 - Overriding database path with different value: /home/jsf/.stmcufinder/plugins/mcufinder/ => /home/jsf/.stmcufinder/plugins/mcufinder
2020-08-27 14:14:03,654 [INFO] DbMcusJson:63 - Set database path to: /home/jsf/.stmcufinder/plugins/mcufinder//mcu/
2020-08-27 14:14:03,654 [WARN] DbFile:36 - Overriding database path with different value: /home/jsf/.stmcufinder/plugins/mcufinder/ => /home/jsf/.stmcufinder/plugins/mcufinder
2020-08-27 14:14:03,654 [INFO] DbBoardsDocs:112 - Set database path to: /home/jsf/.stmcufinder/plugins/mcufinder//mcu/
2020-08-27 14:14:03,654 [WARN] DbFile:36 - Overriding database path with different value: /home/jsf/.stmcufinder/plugins/mcufinder/ => /home/jsf/.stmcufinder/plugins/mcufinder
2020-08-27 14:14:03,654 [INFO] DbBoardsJson:56 - Set database path to: /home/jsf/.stmcufinder/plugins/mcufinder//mcu/
2020-08-27 14:14:03,654 [WARN] DbFile:36 - Overriding database path with different value: /home/jsf/.stmcufinder/plugins/mcufinder/ => /home/jsf/.stmcufinder/plugins/mcufinder
2020-08-27 14:14:03,654 [WARN] DbFile:36 - Overriding database path with different value: /home/jsf/.stmcufinder/plugins/mcufinder/ => /home/jsf/.stmcufinder/plugins/mcufinder
2020-08-27 14:14:03,655 [INFO] CrossReferenceDbSqlite:196 - Set database path to: /home/jsf/.stmcufinder/plugins/mcufinder//mcu/cs/
2020-08-27 14:14:03,655 [WARN] DbFile:36 - Overriding database path with different value: /home/jsf/.stmcufinder/plugins/mcufinder/ => /home/jsf/.stmcufinder/plugins/mcufinder
2020-08-27 14:14:03,655 [INFO] DbExamplesSqlite:800 - Set database path to: /home/jsf/.stmcufinder/plugins/mcufinder//mcu/
2020-08-27 14:14:04,008 [INFO] MainPanel:189 - HeapMemory: 320864256
2020-08-27 14:14:04,385 [INFO] DbMcusXml:70 - Set database path to: /opt/stm32cubeide/plugins/com.st.stm32cube.common.mx_6.0.0.202007160824//db//mcu/
2020-08-27 14:14:04,386 [INFO] DbBoardsPdsc:56 - Set plugin database path to: /opt/stm32cubeide/plugins/com.st.stm32cube.common.mx_6.0.0.202007160824//db//plugins/boardmanager/
2020-08-27 14:14:04,386 [INFO] DbMcus:258 - Set plugin images path to: /opt/stm32cubeide/plugins/com.st.stm32cube.common.mx_6.0.0.202007160824//db//plugins/mcufinder/images/
2020-08-27 14:14:04,386 [INFO] DbBoards:264 - Set plugin images path to: /opt/stm32cubeide/plugins/com.st.stm32cube.common.mx_6.0.0.202007160824//db//plugins/mcufinder/images/
2020-08-27 14:14:04,387 [INFO] DbExamples:326 - Set plugin images path to: /opt/stm32cubeide/plugins/com.st.stm32cube.common.mx_6.0.0.202007160824//db//plugins/mcufinder/images/
2020-08-27 14:14:04,392 [WARN] DbFile:36 - Overriding database path with different value: /home/jsf/.stmcufinder/plugins/mcufinder/ => /home/jsf/.stmcufinder/plugins/mcufinder
2020-08-27 14:14:04,392 [INFO] DbMcusDocs:112 - Set database path to: /home/jsf/.stmcufinder/plugins/mcufinder//mcu/
2020-08-27 14:14:04,392 [WARN] DbFile:36 - Overriding database path with different value: /home/jsf/.stmcufinder/plugins/mcufinder/ => /home/jsf/.stmcufinder/plugins/mcufinder
2020-08-27 14:14:04,393 [INFO] DbMcusJson:63 - Set database path to: /home/jsf/.stmcufinder/plugins/mcufinder//mcu/
2020-08-27 14:14:04,393 [WARN] DbFile:36 - Overriding database path with different value: /home/jsf/.stmcufinder/plugins/mcufinder/ => /home/jsf/.stmcufinder/plugins/mcufinder
2020-08-27 14:14:04,393 [INFO] DbBoardsDocs:112 - Set database path to: /home/jsf/.stmcufinder/plugins/mcufinder//mcu/
2020-08-27 14:14:04,393 [WARN] DbFile:36 - Overriding database path with different value: /home/jsf/.stmcufinder/plugins/mcufinder/ => /home/jsf/.stmcufinder/plugins/mcufinder
2020-08-27 14:14:04,393 [INFO] DbBoardsJson:56 - Set database path to: /home/jsf/.stmcufinder/plugins/mcufinder//mcu/
2020-08-27 14:14:04,393 [WARN] DbFile:36 - Overriding database path with different value: /home/jsf/.stmcufinder/plugins/mcufinder/ => /home/jsf/.stmcufinder/plugins/mcufinder
2020-08-27 14:14:04,393 [WARN] DbFile:36 - Overriding database path with different value: /home/jsf/.stmcufinder/plugins/mcufinder/ => /home/jsf/.stmcufinder/plugins/mcufinder
2020-08-27 14:14:04,394 [INFO] CrossReferenceDbSqlite:196 - Set database path to: /home/jsf/.stmcufinder/plugins/mcufinder//mcu/cs/
2020-08-27 14:14:04,394 [WARN] DbFile:36 - Overriding database path with different value: /home/jsf/.stmcufinder/plugins/mcufinder/ => /home/jsf/.stmcufinder/plugins/mcufinder
2020-08-27 14:14:04,394 [INFO] DbExamplesSqlite:800 - Set database path to: /home/jsf/.stmcufinder/plugins/mcufinder//mcu/
2020-08-27 14:14:04,510 [INFO] ApplicationProperties:181 - Using Application install path: /opt/stm32cubeide/plugins/com.st.stm32cube.common.mx_6.0.0.202007160824
2020-08-27 14:14:04,511 [INFO] PluginManage:178 - Search for loadable plugins [exclusion list=, ]
2020-08-27 14:14:04,521 [INFO] PluginManage:292 - Check plugin analytics
2020-08-27 14:14:04,776 [INFO] AnalyticsPlugin:203 - Accepted Software Licenses: 
2020-08-27 14:14:04,776 [INFO] AnalyticsPlugin:205 - Accepted CMSIS Pack Licenses: 
2020-08-27 14:14:04,777 [INFO] AnalyticsPlugin:207 - Accepted Firmware Licenses: 
2020-08-27 14:14:04,778 [INFO] PluginManage:342 - Loaded plugin analytics (category:tool,tabindex:-1)
2020-08-27 14:14:04,778 [INFO] PluginManage:292 - Check plugin clock
2020-08-27 14:14:04,822 [INFO] PluginManage:342 - Loaded plugin clock (category:base,tabindex:2)
2020-08-27 14:14:04,823 [INFO] PluginManage:292 - Check plugin ddr
2020-08-27 14:14:04,866 [INFO] PluginManage:342 - Loaded plugin ddr (category:tool,tabindex:6)
2020-08-27 14:14:04,867 [INFO] PluginManage:292 - Check plugin filemanager
2020-08-27 14:14:05,190 [INFO] PluginManage:342 - Loaded plugin filemanager (category:base,tabindex:10)
2020-08-27 14:14:05,191 [INFO] PluginManage:292 - Check plugin ipmanager
2020-08-27 14:14:05,240 [INFO] PluginManage:342 - Loaded plugin ipmanager (category:base,tabindex:5)
2020-08-27 14:14:05,240 [INFO] PluginManage:292 - Check plugin pinoutandconfiguration
2020-08-27 14:14:05,277 [INFO] PluginManage:342 - Loaded plugin pinoutandconfiguration (category:base,tabindex:1)
2020-08-27 14:14:05,277 [INFO] PluginManage:292 - Check plugin pinoutconfig
2020-08-27 14:14:05,343 [INFO] PluginManage:342 - Loaded plugin pinoutconfig (category:base,tabindex:0)
2020-08-27 14:14:05,343 [INFO] PluginManage:292 - Check plugin power
2020-08-27 14:14:05,397 [INFO] PluginManage:342 - Loaded plugin power (category:power,tabindex:4)
2020-08-27 14:14:05,398 [INFO] PluginManage:292 - Check plugin projectmanager
2020-08-27 14:14:05,434 [INFO] PluginManage:342 - Loaded plugin projectmanager (category:projectmanager,tabindex:3)
2020-08-27 14:14:05,440 [INFO] PluginManage:292 - Check plugin thirdparty
2020-08-27 14:14:05,519 [INFO] ThirdPartyDb:333 - Open Third Party DataBase File (/home/jsf/.stm32cubemx/plugins/thirdparty/db/thirdparties_db.xml) : 0 ms. number of Sw pack : 0
2020-08-27 14:14:05,525 [INFO] PluginManage:342 - Loaded plugin thirdparty (category:base,tabindex:-1)
2020-08-27 14:14:05,526 [INFO] PluginManage:292 - Check plugin tools
2020-08-27 14:14:05,537 [INFO] PluginManage:342 - Loaded plugin tools (category:base,tabindex:7)
2020-08-27 14:14:05,538 [INFO] PluginManage:292 - Check plugin tutovideos
2020-08-27 14:14:05,927 [INFO] PluginManage:342 - Loaded plugin tutovideos (category:base,tabindex:-1)
2020-08-27 14:14:05,928 [INFO] PluginManage:292 - Check plugin updater
2020-08-27 14:14:05,969 [INFO] PluginManage:342 - Loaded plugin updater (category:base,tabindex:12)
2020-08-27 14:14:05,971 [INFO] PluginManage:265 - PluginManage : Loaded plugins [13]
2020-08-27 14:14:06,623 [INFO] PinOutPanel:1418 - setPackage(No Configuration,No Configuration)
2020-08-27 14:14:06,857 [INFO] IPUIPlugin:64 - create IPUIPlugin
2020-08-27 14:14:06,858 [INFO] PluginManager:200 - loadIPPluginJar : add genericplugin
2020-08-27 14:14:06,860 [INFO] IPUIPlugin:64 - create IPUIPlugin
2020-08-27 14:14:06,860 [INFO] PluginManager:200 - loadIPPluginJar : add ucpd
2020-08-27 14:14:06,889 [INFO] IPUIPlugin:64 - create IPUIPlugin
2020-08-27 14:14:06,890 [INFO] PluginManager:200 - loadIPPluginJar : add spi
2020-08-27 14:14:06,913 [INFO] IPUIPlugin:64 - create IPUIPlugin
2020-08-27 14:14:06,914 [INFO] PluginManager:200 - loadIPPluginJar : add aes
2020-08-27 14:14:06,918 [INFO] IPUIPlugin:64 - create IPUIPlugin
2020-08-27 14:14:06,918 [INFO] PluginManager:200 - loadIPPluginJar : add usart
2020-08-27 14:14:06,921 [INFO] IPUIPlugin:64 - create IPUIPlugin
2020-08-27 14:14:06,921 [INFO] PluginManager:200 - loadIPPluginJar : add quadspi
2020-08-27 14:14:06,923 [INFO] IPUIPlugin:64 - create IPUIPlugin
2020-08-27 14:14:06,924 [INFO] PluginManager:200 - loadIPPluginJar : add ltdc
2020-08-27 14:14:06,942 [INFO] IPUIPlugin:64 - create IPUIPlugin
2020-08-27 14:14:06,943 [INFO] PluginManager:200 - loadIPPluginJar : add adc
2020-08-27 14:14:06,954 [INFO] IPUIPlugin:64 - create IPUIPlugin
2020-08-27 14:14:06,955 [INFO] PluginManager:200 - loadIPPluginJar : add gic
2020-08-27 14:14:06,959 [INFO] IPUIPlugin:64 - create IPUIPlugin
2020-08-27 14:14:06,960 [INFO] PluginManager:200 - loadIPPluginJar : add openamp
2020-08-27 14:14:06,980 [INFO] IPUIPlugin:64 - create IPUIPlugin
2020-08-27 14:14:06,980 [INFO] PluginManager:200 - loadIPPluginJar : add i2c
2020-08-27 14:14:06,985 [INFO] IPUIPlugin:64 - create IPUIPlugin
2020-08-27 14:14:06,985 [INFO] PluginManager:200 - loadIPPluginJar : add pdm2pcm
2020-08-27 14:14:06,994 [INFO] IPUIPlugin:64 - create IPUIPlugin
2020-08-27 14:14:06,995 [INFO] PluginManager:200 - loadIPPluginJar : add freertos
2020-08-27 14:14:07,004 [INFO] IPUIPlugin:64 - create IPUIPlugin
2020-08-27 14:14:07,005 [INFO] PluginManager:200 - loadIPPluginJar : add can
2020-08-27 14:14:07,010 [INFO] IPUIPlugin:64 - create IPUIPlugin
2020-08-27 14:14:07,010 [INFO] PluginManager:200 - loadIPPluginJar : add gtzc
2020-08-27 14:14:07,019 [INFO] IPUIPlugin:64 - create IPUIPlugin
2020-08-27 14:14:07,019 [INFO] PluginManager:200 - loadIPPluginJar : add gpio
2020-08-27 14:14:07,021 [INFO] IPUIPlugin:64 - create IPUIPlugin
2020-08-27 14:14:07,022 [INFO] PluginManager:200 - loadIPPluginJar : add comp
2020-08-27 14:14:07,024 [INFO] IPUIPlugin:64 - create IPUIPlugin
2020-08-27 14:14:07,025 [INFO] PluginManager:200 - loadIPPluginJar : add hash
2020-08-27 14:14:07,028 [INFO] IPUIPlugin:64 - create IPUIPlugin
2020-08-27 14:14:07,028 [INFO] PluginManager:200 - loadIPPluginJar : add opamp
2020-08-27 14:14:07,038 [INFO] IPUIPlugin:64 - create IPUIPlugin
2020-08-27 14:14:07,038 [INFO] PluginManager:200 - loadIPPluginJar : add touchsensing
2020-08-27 14:14:07,049 [INFO] IPUIPlugin:64 - create IPUIPlugin
2020-08-27 14:14:07,049 [INFO] PluginManager:200 - loadIPPluginJar : add tracer_emb
2020-08-27 14:14:07,058 [INFO] IPUIPlugin:64 - create IPUIPlugin
2020-08-27 14:14:07,059 [INFO] PluginManager:200 - loadIPPluginJar : add fmc
2020-08-27 14:14:07,064 [INFO] IPUIPlugin:64 - create IPUIPlugin
2020-08-27 14:14:07,064 [INFO] PluginManager:200 - loadIPPluginJar : add gfxmmu
2020-08-27 14:14:07,079 [INFO] IPUIPlugin:64 - create IPUIPlugin
2020-08-27 14:14:07,080 [INFO] PluginManager:200 - loadIPPluginJar : add ipddr
2020-08-27 14:14:07,082 [INFO] IPUIPlugin:64 - create IPUIPlugin
2020-08-27 14:14:07,083 [INFO] PluginManager:200 - loadIPPluginJar : add fatfs
2020-08-27 14:14:07,085 [INFO] IPUIPlugin:64 - create IPUIPlugin
2020-08-27 14:14:07,085 [INFO] PluginManager:200 - loadIPPluginJar : add tim
2020-08-27 14:14:07,089 [INFO] IPUIPlugin:64 - create IPUIPlugin
2020-08-27 14:14:07,089 [INFO] PluginManager:200 - loadIPPluginJar : add i2s
2020-08-27 14:14:07,095 [INFO] IPUIPlugin:64 - create IPUIPlugin
2020-08-27 14:14:07,103 [INFO] PluginManager:200 - loadIPPluginJar : add sai
2020-08-27 14:14:07,106 [INFO] IPUIPlugin:64 - create IPUIPlugin
2020-08-27 14:14:07,107 [INFO] PluginManager:200 - loadIPPluginJar : add tsc
2020-08-27 14:14:07,118 [INFO] IPUIPlugin:64 - create IPUIPlugin
2020-08-27 14:14:07,119 [INFO] PluginManager:200 - loadIPPluginJar : add dma
2020-08-27 14:14:07,124 [INFO] IPUIPlugin:64 - create IPUIPlugin
2020-08-27 14:14:07,124 [INFO] PluginManager:200 - loadIPPluginJar : add resmgrutility
2020-08-27 14:14:07,142 [INFO] IPUIPlugin:64 - create IPUIPlugin
2020-08-27 14:14:07,142 [INFO] PluginManager:200 - loadIPPluginJar : add mdma
2020-08-27 14:14:07,150 [INFO] IPUIPlugin:64 - create IPUIPlugin
2020-08-27 14:14:07,150 [INFO] PluginManager:200 - loadIPPluginJar : add stm32_wpan
2020-08-27 14:14:07,154 [INFO] IPUIPlugin:64 - create IPUIPlugin
2020-08-27 14:14:07,155 [INFO] PluginManager:200 - loadIPPluginJar : add nvic
2020-08-27 14:14:07,180 [INFO] IPUIPlugin:64 - create IPUIPlugin
2020-08-27 14:14:07,185 [INFO] PluginManager:200 - loadIPPluginJar : add plateformsettings
2020-08-27 14:14:07,204 [INFO] IPUIPlugin:64 - create IPUIPlugin
2020-08-27 14:14:07,205 [INFO] PluginManager:200 - loadIPPluginJar : add dfsdm
2020-08-27 14:14:07,209 [INFO] IPUIPlugin:64 - create IPUIPlugin
2020-08-27 14:14:07,211 [INFO] PluginManager:200 - loadIPPluginJar : add cryp
2020-08-27 14:14:07,214 [INFO] IPUIPlugin:64 - create IPUIPlugin
2020-08-27 14:14:07,215 [INFO] PluginManager:200 - loadIPPluginJar : add ts
2020-08-27 14:14:07,978 [INFO] CubeProgrammer:457 - [DDR PANEL] - PathOfProgrammer: null
2020-08-27 14:14:09,375 [FATAL] Updater:282 - Updater called before beeing initialized
2020-08-27 14:14:09,682 [FATAL] Updater:282 - Updater called before beeing initialized
2020-08-27 14:14:09,682 [WARN] ThirdParty:775 - waiting for thirdparty lock release [close project]
2020-08-27 14:14:09,683 [INFO] ThirdParty:777 - entering critical section [close project]
2020-08-27 14:14:09,684 [INFO] ThirdParty:790 - exiting critical section [close project]
2020-08-27 14:14:09,688 [INFO] PinOutPanel:1418 - setPackage(No Configuration,No Configuration)
2020-08-27 14:14:09,689 [FATAL] Updater:282 - Updater called before beeing initialized
2020-08-27 14:14:09,722 [ERROR] Updater:967 - MainUpdater not yet initialized. External WinMGr cannot be set.
2020-08-27 14:14:09,724 [INFO] CubeProgrammer:457 - [DDR PANEL] - PathOfProgrammer: /opt/stm32cubeide/plugins/com.st.stm32cube.ide.mcu.externaltools.cubeprogrammer.linux64_1.4.0.202007081208/tools/bin
2020-08-27 14:14:09,729 [INFO] ProgrammerExecThread:148 - [ProgrammerAPI] CubeProgrammer command construction: /opt/stm32cubeide/plugins/com.st.stm32cube.ide.mcu.externaltools.cubeprogrammer.linux64_1.4.0.202007081208/tools/bin/STM32_Programmer_CLI -l
2020-08-27 14:14:10,431 [INFO] MainDdrPanel:49 - [DDR PANEL] SETTER - Set cubeProgrammerPath to: /opt/stm32cubeide/plugins/com.st.stm32cube.ide.mcu.externaltools.cubeprogrammer.linux64_1.4.0.202007081208/tools/bin
2020-08-27 14:14:10,665 [INFO] Updater:904 - Updater Version found : 6.0.0
2020-08-27 14:14:10,757 [INFO] ApplicationProperties:181 - Using Application install path: /opt/stm32cubeide/plugins/com.st.stm32cube.common.mx_6.0.0.202007160824
2020-08-27 14:14:10,875 [INFO] MainUpdater:463 - Copy updater definitions from MX database
2020-08-27 14:14:10,938 [INFO] MainUpdater:496 - Copy flag file definitions from MX database
2020-08-27 14:14:10,939 [INFO] MainUpdater:512 - Copy thirdparty index definitions from MX database
2020-08-27 14:14:10,940 [INFO] MainUpdater:531 - Copy default thirdparty db definitions from MX database
2020-08-27 14:14:11,040 [INFO] MainUpdater:2268 - connection check result : 10
2020-08-27 14:14:11,041 [INFO] MainUpdater:2935 - Updater definition file requires update
2020-08-27 14:14:11,041 [INFO] MainUpdater:239 - Updater Check For Update Now.
2020-08-27 14:14:11,042 [INFO] MicroXplorer:414 - Change Database Version : DB.6.0.0
2020-08-27 14:14:11,093 [INFO] ServerAccessManage:348 - Download File updaters.zip
2020-08-27 14:14:11,197 [INFO] FileExtend:225 - Unzip File : updaters.zip
2020-08-27 14:14:11,197 [INFO] FileExtend:240 - Standard Zip Deflate
2020-08-27 14:14:11,526 [WARN] IntegrityCheckThread:61 - waiting for thirdparty lock release [integrity check]
2020-08-27 14:14:11,527 [INFO] IntegrityCheckThread:63 - entering critical section [integrity check]
2020-08-27 14:14:11,528 [WARN] MainUpdater:1087 - Updater busy. Cannot search thirdparties
2020-08-27 14:14:11,544 [INFO] ServerAccessManage:348 - Download File PacksControlFlags.xml
2020-08-27 14:14:11,713 [INFO] ServerAccessManage:348 - Download File cubemx.pidx
2020-08-27 14:14:12,191 [INFO] LoadServerUpdatesThread:309 - End of LoadServerUpdate Thread
2020-08-27 14:14:12,268 [INFO] CheckServerUpdateThread:102 - End of CheckServer Thread
2020-08-27 14:14:12,291 [INFO] MainUpdater:2268 - connection check result : 10
2020-08-27 14:14:12,499 [INFO] ServerAccessManage:348 - Download File mcusDocs.json._tmp_
2020-08-27 14:14:12,581 [INFO] LoadUrlFilesThread:135 - End of LoadUrlFiles Thread
2020-08-27 14:14:12,774 [INFO] ServerAccessManage:348 - Download File mcusFeaturesAndDescription.json._tmp_
2020-08-27 14:14:13,611 [INFO] LoadUrlFilesThread:135 - End of LoadUrlFiles Thread
2020-08-27 14:14:13,716 [INFO] ServerAccessManage:348 - Download File boardsDocs.json._tmp_
2020-08-27 14:14:13,774 [INFO] LoadUrlFilesThread:135 - End of LoadUrlFiles Thread
2020-08-27 14:14:13,879 [INFO] ServerAccessManage:348 - Download File boards.json._tmp_
2020-08-27 14:14:13,949 [INFO] LoadUrlFilesThread:135 - End of LoadUrlFiles Thread
2020-08-27 14:14:14,044 [INFO] ServerAccessManage:348 - Download File cube-finder-db.zip
2020-08-27 14:14:14,528 [WARN] MainUpdater:1087 - Updater busy. Cannot search thirdparties
2020-08-27 14:14:16,133 [INFO] FileExtend:225 - Unzip File : cube-finder-db.zip
2020-08-27 14:14:16,144 [INFO] FileExtend:240 - Standard Zip Deflate
2020-08-27 14:14:17,342 [INFO] LoadUrlFilesThread:135 - End of LoadUrlFiles Thread
2020-08-27 14:14:17,529 [WARN] MainUpdater:1087 - Updater busy. Cannot search thirdparties
2020-08-27 14:14:17,544 [INFO] ServerAccessManage:348 - Download File crdb.zip
2020-08-27 14:14:17,649 [INFO] FileExtend:225 - Unzip File : crdb.zip
2020-08-27 14:14:17,653 [INFO] FileExtend:240 - Standard Zip Deflate
2020-08-27 14:14:17,690 [INFO] LoadUrlFilesThread:135 - End of LoadUrlFiles Thread
2020-08-27 14:14:17,753 [INFO] ServerAccessManage:348 - Download File tutoVideoDB.zip
2020-08-27 14:14:17,803 [INFO] FileExtend:225 - Unzip File : tutoVideoDB.zip
2020-08-27 14:14:17,811 [INFO] FileExtend:240 - Standard Zip Deflate
2020-08-27 14:14:17,823 [INFO] LoadUrlFilesThread:135 - End of LoadUrlFiles Thread
2020-08-27 14:14:17,886 [INFO] DbMcusDocs:145 - JSON generation date=Mon Jul 27 14:58:30 CEST 2020 (1595854710)
2020-08-27 14:14:17,929 [INFO] DbMcusXml:100 - Load MCU database from /opt/stm32cubeide/plugins/com.st.stm32cube.common.mx_6.0.0.202007160824//db//mcu/families.xml
2020-08-27 14:14:19,420 [INFO] DbMcusJson:92 - JSON generation date=Mon Jul 27 14:58:30 CEST 2020 (1595854710)
2020-08-27 14:14:20,691 [ERROR] ConditionMgr:1027 - genDependencies : Invalid condition id : CMSIS Core with RTOS2 cause : null
2020-08-27 14:14:20,691 [ERROR] ConditionMgr:1027 - genDependencies : Invalid condition id : Network Driver ETH cause : null
2020-08-27 14:14:20,692 [ERROR] ConditionMgr:1027 - genDependencies : Invalid condition id : Network Driver PPP cause : null
2020-08-27 14:14:20,692 [ERROR] ConditionMgr:1027 - genDependencies : Invalid condition id : Network Driver SLIP cause : null
2020-08-27 14:14:20,692 [ERROR] ConditionMgr:1027 - genDependencies : Invalid condition id : Network Core cause : null
2020-08-27 14:14:20,692 [ERROR] ConditionMgr:1027 - genDependencies : Invalid condition id : Network Driver SLIP cause : null
2020-08-27 14:14:20,693 [ERROR] ConditionMgr:1027 - genDependencies : Invalid condition id : Network Driver PPP cause : null
2020-08-27 14:14:20,693 [ERROR] ConditionMgr:1027 - genDependencies : Invalid condition id : CMSIS Core with RTOS2 cause : null
2020-08-27 14:14:20,693 [ERROR] ConditionMgr:1027 - genDependencies : Invalid condition id : Network Core cause : null
2020-08-27 14:14:20,693 [ERROR] ConditionMgr:1027 - genDependencies : Invalid condition id : Network Driver ETH cause : null
2020-08-27 14:14:20,693 [ERROR] ConditionMgr:1027 - genDependencies : Invalid condition id : CMSIS Core with RTOS2 cause : null
2020-08-27 14:14:20,694 [ERROR] ConditionMgr:1027 - genDependencies : Invalid condition id : Network Driver ETH cause : null
2020-08-27 14:14:20,694 [ERROR] ConditionMgr:1027 - genDependencies : Invalid condition id : Network Driver PPP cause : null
2020-08-27 14:14:20,694 [ERROR] ConditionMgr:1027 - genDependencies : Invalid condition id : Network Driver SLIP cause : null
2020-08-27 14:14:20,694 [ERROR] ConditionMgr:1027 - genDependencies : Invalid condition id : Network Core cause : null
2020-08-27 14:14:20,718 [INFO] ThirdPartyDb:299 - Save Third Party DataBase File (/home/jsf/.stm32cubemx/plugins/thirdparty/db/thirdparties_db.xml) [forced]
2020-08-27 14:14:20,803 [INFO] ThirdPartyDb:299 - Save Third Party DataBase File (/home/jsf/.stm32cubemx/plugins/thirdparty/db/thirdparties_db.xml) [forced]
2020-08-27 14:14:20,807 [INFO] ThirdPartyDb:299 - Save Third Party DataBase File (/home/jsf/.stm32cubemx/plugins/thirdparty/db/thirdparties_db.xml) [forced]
2020-08-27 14:14:20,816 [INFO] ThirdPartyDb:299 - Save Third Party DataBase File (/home/jsf/.stm32cubemx/plugins/thirdparty/db/thirdparties_db.xml) [forced]
2020-08-27 14:14:20,822 [INFO] ThirdPartyDb:299 - Save Third Party DataBase File (/home/jsf/.stm32cubemx/plugins/thirdparty/db/thirdparties_db.xml) [forced]
2020-08-27 14:14:20,826 [INFO] ThirdPartyDb:299 - Save Third Party DataBase File (/home/jsf/.stm32cubemx/plugins/thirdparty/db/thirdparties_db.xml) [forced]
2020-08-27 14:14:20,840 [INFO] ThirdPartyDb:299 - Save Third Party DataBase File (/home/jsf/.stm32cubemx/plugins/thirdparty/db/thirdparties_db.xml) [forced]
2020-08-27 14:14:20,849 [INFO] ThirdPartyDb:299 - Save Third Party DataBase File (/home/jsf/.stm32cubemx/plugins/thirdparty/db/thirdparties_db.xml) [forced]
2020-08-27 14:14:20,855 [INFO] ThirdPartyDb:299 - Save Third Party DataBase File (/home/jsf/.stm32cubemx/plugins/thirdparty/db/thirdparties_db.xml) [forced]
2020-08-27 14:14:20,859 [INFO] ThirdPartyDb:299 - Save Third Party DataBase File (/home/jsf/.stm32cubemx/plugins/thirdparty/db/thirdparties_db.xml) [forced]
2020-08-27 14:14:20,864 [ERROR] ConditionMgr:1027 - genDependencies : Invalid condition id : CMSIS Core with RTOS2 cause : null
2020-08-27 14:14:20,865 [ERROR] ConditionMgr:1027 - genDependencies : Invalid condition id : Network Driver ETH cause : null
2020-08-27 14:14:20,865 [ERROR] ConditionMgr:1027 - genDependencies : Invalid condition id : Network Driver PPP cause : null
2020-08-27 14:14:20,865 [ERROR] ConditionMgr:1027 - genDependencies : Invalid condition id : Network Driver SLIP cause : null
2020-08-27 14:14:20,865 [ERROR] ConditionMgr:1027 - genDependencies : Invalid condition id : Network Core cause : null
2020-08-27 14:14:20,866 [ERROR] ConditionMgr:1027 - genDependencies : Invalid condition id : Network Driver SLIP cause : null
2020-08-27 14:14:20,866 [ERROR] ConditionMgr:1027 - genDependencies : Invalid condition id : Network Driver PPP cause : null
2020-08-27 14:14:20,866 [ERROR] ConditionMgr:1027 - genDependencies : Invalid condition id : CMSIS Core with RTOS2 cause : null
2020-08-27 14:14:20,866 [ERROR] ConditionMgr:1027 - genDependencies : Invalid condition id : Network Core cause : null
2020-08-27 14:14:20,866 [ERROR] ConditionMgr:1027 - genDependencies : Invalid condition id : Network Driver ETH cause : null
2020-08-27 14:14:20,866 [ERROR] ConditionMgr:1027 - genDependencies : Invalid condition id : CMSIS Core with RTOS2 cause : null
2020-08-27 14:14:20,866 [ERROR] ConditionMgr:1027 - genDependencies : Invalid condition id : Network Driver ETH cause : null
2020-08-27 14:14:20,866 [ERROR] ConditionMgr:1027 - genDependencies : Invalid condition id : Network Driver PPP cause : null
2020-08-27 14:14:20,866 [ERROR] ConditionMgr:1027 - genDependencies : Invalid condition id : Network Driver SLIP cause : null
2020-08-27 14:14:20,867 [ERROR] ConditionMgr:1027 - genDependencies : Invalid condition id : Network Core cause : null
2020-08-27 14:14:20,867 [INFO] ThirdPartyDb:299 - Save Third Party DataBase File (/home/jsf/.stm32cubemx/plugins/thirdparty/db/thirdparties_db.xml) [forced]
2020-08-27 14:14:20,873 [INFO] ThirdPartyDb:299 - Save Third Party DataBase File (/home/jsf/.stm32cubemx/plugins/thirdparty/db/thirdparties_db.xml) [forced]
2020-08-27 14:14:20,888 [INFO] ThirdPartyDb:299 - Save Third Party DataBase File (/home/jsf/.stm32cubemx/plugins/thirdparty/db/thirdparties_db.xml) [forced]
2020-08-27 14:14:20,890 [INFO] Engine:289 - softwarePackList size : 13
2020-08-27 14:14:20,890 [INFO] Engine:305 - compute dependency for SwPack lwIP have been done, no update is requested
2020-08-27 14:14:20,894 [INFO] Engine:305 - compute dependency for SwPack FreeRTOS have been done, no update is requested
2020-08-27 14:14:20,895 [INFO] Engine:305 - compute dependency for SwPack PDM2PCM have been done, no update is requested
2020-08-27 14:14:20,909 [INFO] Engine:305 - compute dependency for SwPack USB_DEVICE have been done, no update is requested
2020-08-27 14:14:20,909 [INFO] Engine:305 - compute dependency for SwPack USB_HOST have been done, no update is requested
2020-08-27 14:14:20,909 [INFO] Engine:305 - compute dependency for SwPack PDM2PCM have been done, no update is requested
2020-08-27 14:14:20,909 [INFO] Engine:305 - compute dependency for SwPack MBEDTLS have been done, no update is requested
2020-08-27 14:14:20,911 [INFO] Engine:305 - compute dependency for SwPack USB_HOST have been done, no update is requested
2020-08-27 14:14:20,911 [INFO] Engine:305 - compute dependency for SwPack USB_DEVICE have been done, no update is requested
2020-08-27 14:14:20,911 [INFO] Engine:305 - compute dependency for SwPack MBEDTLS have been done, no update is requested
2020-08-27 14:14:20,911 [INFO] Engine:305 - compute dependency for SwPack lwIP have been done, no update is requested
2020-08-27 14:14:20,911 [INFO] Engine:305 - compute dependency for SwPack USB_DEVICE have been done, no update is requested
2020-08-27 14:14:20,911 [INFO] Engine:305 - compute dependency for SwPack PDM2PCM have been done, no update is requested
2020-08-27 14:14:20,912 [WARN] XmlIntegratedPack:130 - No IP in current MCU
2020-08-27 14:14:20,912 [WARN] XmlIntegratedPack:130 - No IP in current MCU
2020-08-27 14:14:20,912 [WARN] XmlIntegratedPack:130 - No IP in current MCU
2020-08-27 14:14:20,912 [WARN] XmlIntegratedPack:130 - No IP in current MCU
2020-08-27 14:14:20,912 [WARN] XmlIntegratedPack:130 - No IP in current MCU
2020-08-27 14:14:20,912 [WARN] XmlIntegratedPack:130 - No IP in current MCU
2020-08-27 14:14:20,913 [WARN] XmlIntegratedPack:130 - No IP in current MCU
2020-08-27 14:14:20,913 [WARN] XmlIntegratedPack:130 - No IP in current MCU
2020-08-27 14:14:20,913 [WARN] XmlIntegratedPack:130 - No IP in current MCU
2020-08-27 14:14:20,913 [WARN] XmlIntegratedPack:130 - No IP in current MCU
2020-08-27 14:14:20,913 [WARN] XmlIntegratedPack:130 - No IP in current MCU
2020-08-27 14:14:20,913 [WARN] XmlIntegratedPack:130 - No IP in current MCU
2020-08-27 14:14:20,913 [WARN] XmlIntegratedPack:130 - No IP in current MCU
2020-08-27 14:14:20,913 [INFO] ThirdPartyDb:299 - Save Third Party DataBase File (/home/jsf/.stm32cubemx/plugins/thirdparty/db/thirdparties_db.xml) [forced]
2020-08-27 14:14:20,925 [INFO] ThirdPartyDb:299 - Save Third Party DataBase File (/home/jsf/.stm32cubemx/plugins/thirdparty/db/thirdparties_db.xml) [forced]
2020-08-27 14:14:20,931 [INFO] ThirdPartyDb:299 - Save Third Party DataBase File (/home/jsf/.stm32cubemx/plugins/thirdparty/db/thirdparties_db.xml) [forced]
2020-08-27 14:14:20,945 [INFO] ThirdPartyDb:299 - Save Third Party DataBase File (/home/jsf/.stm32cubemx/plugins/thirdparty/db/thirdparties_db.xml) [forced]
2020-08-27 14:14:20,950 [INFO] ThirdPartyDb:299 - Save Third Party DataBase File (/home/jsf/.stm32cubemx/plugins/thirdparty/db/thirdparties_db.xml) [forced]
2020-08-27 14:14:20,952 [INFO] IntegrityCheckThread:76 - exiting critical section [integrity check]
2020-08-27 14:14:20,953 [INFO] IntegrityCheckThread:79 - End integrity checks thread
2020-08-27 14:14:21,326 [INFO] DbMcus:175 - Found 1761 MCUs (1722 are supported by CubeMX, 1728 are visible in CubeMX)
2020-08-27 14:14:21,327 [INFO] ApiDb:192 - User favorites file not found: /home/jsf/.stm32cubemx/favorites.mcus.txt
2020-08-27 14:14:21,327 [INFO] DbMcus:187 - Set 0 / 0 favorites MCUs
2020-08-27 14:14:21,811 [INFO] DbMcusDocs:81 - Found 580 MCUs documents
2020-08-27 14:14:21,813 [INFO] ApiDb:226 - Save user favorites file /home/jsf/.stm32cubemx/favorites.mcus.txt: 0 item(s)
2020-08-27 14:14:21,814 [INFO] ApiDb:230 - User favorites MCUs=[]
2020-08-27 14:14:21,815 [INFO] DbMcusXml:100 - Load MCU database from /opt/stm32cubeide/plugins/com.st.stm32cube.common.mx_6.0.0.202007160824//db//mcu/families.xml
2020-08-27 14:14:22,678 [INFO] DbMcusJson:92 - JSON generation date=Mon Jul 27 14:58:30 CEST 2020 (1595854710)
2020-08-27 14:14:24,052 [INFO] DbMcus:175 - Found 1761 MCUs (1722 are supported by CubeMX, 1728 are visible in CubeMX)
2020-08-27 14:14:24,057 [INFO] ApiDb:201 - Load user favorites file /home/jsf/.stm32cubemx/favorites.mcus.txt: 0 item(s)
2020-08-27 14:14:24,058 [INFO] ApiDb:205 - User favorites MCUs=[]
2020-08-27 14:14:24,058 [INFO] DbMcus:187 - Set 0 / 0 favorites MCUs
2020-08-27 14:14:24,158 [INFO] DbBoardsDocs:145 - JSON generation date=Mon Jul 27 14:58:30 CEST 2020 (1595854710)
2020-08-27 14:14:24,223 [INFO] DbBoardsPdsc:94 - Found 40 items
2020-08-27 14:14:24,236 [INFO] DbBoardsPdsc:94 - Found 9 items
2020-08-27 14:14:24,244 [INFO] DbBoardsPdsc:94 - Found 23 items
2020-08-27 14:14:24,266 [INFO] DbBoardsPdsc:94 - Found 44 items
2020-08-27 14:14:24,277 [INFO] DbBoardsPdsc:94 - Found 4 items
2020-08-27 14:14:24,288 [INFO] DbBoardsPdsc:94 - Found 29 items
2020-08-27 14:14:24,293 [INFO] DbBoardsPdsc:94 - Found 1 items
2020-08-27 14:14:24,295 [INFO] DbBoardsPdsc:94 - Found 2 items
2020-08-27 14:14:24,308 [WARN] DbBoardsPdsc:258 - Board STM32H7B3I-EVAL: unknown feature type=Audio, name=, username=Multi-Channel Audio Codec (CS42L51-CNZ), n=1
2020-08-27 14:14:24,308 [WARN] DbBoardsPdsc:258 - Board STM32H7B3I-EVAL: unknown feature type=Meter, name=, username=Power-metering and Temperature-monitoring with sigma-delta modulators, n=1
2020-08-27 14:14:24,308 [WARN] DbBoardsPdsc:258 - Board STM32H7B3I-EVAL: unknown feature type=Motor, name=, username=Motor Control, n=1
2020-08-27 14:14:24,312 [WARN] DbBoardsPdsc:258 - Board STM32H7B3I-DK: unknown feature type=Audio, name=, username=Audio stereo codec with Headphone Amp (CS42L51-CNZ), n=1
2020-08-27 14:14:24,313 [WARN] DbBoardsPdsc:258 - Board STM32H735G-DK: unknown feature type=Audio, name=, username=Audio stereo codec with Headphone Amp (WM8994ECS/R), n=1
2020-08-27 14:14:24,334 [INFO] DbBoardsJson:85 - JSON generation date=Thu Jul 02 15:35:57 CEST 2020 (1593696957)
2020-08-27 14:14:24,341 [INFO] DbBoards:117 - Found 152 boards (149 are supported by CubeMX)
2020-08-27 14:14:24,354 [INFO] DbBoardsDocs:145 - JSON generation date=Mon Jul 27 14:58:30 CEST 2020 (1595854710)
2020-08-27 14:14:24,388 [INFO] DbBoardsDocs:81 - Found 185 boards documents
2020-08-27 14:14:24,389 [WARN] DbBoards:149 - board B-G474E-DPOW1 / document id not found: 4624
2020-08-27 14:14:24,389 [WARN] DbBoards:149 - board B-G474E-DPOW1 / document id not found: 4625
2020-08-27 14:14:24,390 [WARN] DbBoards:127 - board B-L462E-CELL1 has no document id list !
2020-08-27 14:14:24,390 [WARN] DbBoards:127 - board B-L475E-IOT01A2 has no document id list !
2020-08-27 14:14:24,392 [WARN] DbBoards:127 - board NUCLEO-G491RE has no document id list !
2020-08-27 14:14:24,392 [WARN] DbBoards:127 - board NUCLEO-H723ZG has no document id list !
2020-08-27 14:14:24,393 [WARN] DbBoards:127 - board NUCLEO-H743ZI2 has no document id list !
2020-08-27 14:14:24,394 [WARN] DbBoards:127 - board NUCLEO-WB55RG has no document id list !
2020-08-27 14:14:24,394 [WARN] DbBoards:127 - board P-NUCLEO-WB55-Nucleo has no document id list !
2020-08-27 14:14:24,394 [WARN] DbBoards:127 - board P-NUCLEO-WB55-USBDongle has no document id list !
2020-08-27 14:14:24,394 [WARN] DbBoards:127 - board STEVAL-BFA001V1B has no document id list !
2020-08-27 14:14:24,395 [WARN] DbBoards:127 - board STEVAL-BFA001V2B has no document id list !
2020-08-27 14:14:24,395 [WARN] DbBoards:127 - board STEVAL-IDP005V1 has no document id list !
2020-08-27 14:14:24,395 [WARN] DbBoards:127 - board STEVAL-IDP005V2 has no document id list !
2020-08-27 14:14:24,395 [WARN] DbBoards:127 - board STEVAL-MKSBOX1V1 has no document id list !
2020-08-27 14:14:24,395 [WARN] DbBoards:127 - board STEVAL-STWINKT1 has no document id list !
2020-08-27 14:14:24,396 [WARN] DbBoards:127 - board STM32F401C-DISCO has no document id list !
2020-08-27 14:14:24,397 [WARN] DbBoards:127 - board STM32F769I-DISC1 has no document id list !
2020-08-27 14:14:24,398 [WARN] DbBoards:127 - board STM32G474E-EVAL1 has no document id list !
2020-08-27 14:14:24,398 [WARN] DbBoards:127 - board STM32H735G-DK has no document id list !
2020-08-27 14:14:24,398 [WARN] DbBoards:127 - board STM32H743I-EVAL2 has no document id list !
2020-08-27 14:14:24,398 [WARN] DbBoards:127 - board STM32H747I-DISC1 has no document id list !
2020-08-27 14:14:24,399 [WARN] DbBoards:127 - board STM32H753I-EVAL2 has no document id list !
2020-08-27 14:14:24,399 [WARN] DbBoards:127 - board STM32L-DISCOVERY has no document id list !
2020-08-27 14:14:24,400 [WARN] DbBoards:127 - board STM32MP157A-DK1 has no document id list !
2020-08-27 14:14:24,400 [WARN] DbBoards:127 - board STM32MP157F-EV1 has no document id list !
2020-08-27 14:14:24,611 [ERROR] DbBoards:192 - No image file URL for board B-L462E-CELL1
2020-08-27 14:14:25,726 [ERROR] DbBoards:189 - Image file not found for board STM32H747I-EVAL: /opt/stm32cubeide/plugins/com.st.stm32cube.common.mx_6.0.0.202007160824//db//plugins/mcufinder/images/boards/stm32h747ieval_small.jpg
2020-08-27 14:14:25,774 [ERROR] DbBoards:189 - Image file not found for board STM32H757I-EVAL: /opt/stm32cubeide/plugins/com.st.stm32cube.common.mx_6.0.0.202007160824//db//plugins/mcufinder/images/boards/stm32h747ieval_small.jpg
2020-08-27 14:14:25,775 [ERROR] DbBoards:189 - Image file not found for board STM32H7B3I-DK: /opt/stm32cubeide/plugins/com.st.stm32cube.common.mx_6.0.0.202007160824//db//plugins/mcufinder/images/boards/stm32h7b3i-dk_small.jpg
2020-08-27 14:14:26,055 [INFO] ApiDb:192 - User favorites file not found: /home/jsf/.stm32cubemx/favorites.boards.txt
2020-08-27 14:14:26,056 [INFO] DbBoards:206 - Set 0 / 0 favorites Boards
2020-08-27 14:14:26,071 [INFO] DbBoardsDocs:81 - Found 370 boards documents
2020-08-27 14:14:26,072 [INFO] ApiDb:226 - Save user favorites file /home/jsf/.stm32cubemx/favorites.boards.txt: 0 item(s)
2020-08-27 14:14:26,072 [INFO] ApiDb:230 - User favorites Boards=[]
2020-08-27 14:14:26,076 [INFO] DbBoardsPdsc:94 - Found 40 items
2020-08-27 14:14:26,078 [INFO] DbBoardsPdsc:94 - Found 9 items
2020-08-27 14:14:26,082 [INFO] DbBoardsPdsc:94 - Found 23 items
2020-08-27 14:14:26,087 [INFO] DbBoardsPdsc:94 - Found 44 items
2020-08-27 14:14:26,089 [INFO] DbBoardsPdsc:94 - Found 4 items
2020-08-27 14:14:26,093 [INFO] DbBoardsPdsc:94 - Found 29 items
2020-08-27 14:14:26,094 [INFO] DbBoardsPdsc:94 - Found 1 items
2020-08-27 14:14:26,095 [INFO] DbBoardsPdsc:94 - Found 2 items
2020-08-27 14:14:26,098 [WARN] DbBoardsPdsc:258 - Board STM32H7B3I-EVAL: unknown feature type=Audio, name=, username=Multi-Channel Audio Codec (CS42L51-CNZ), n=1
2020-08-27 14:14:26,098 [WARN] DbBoardsPdsc:258 - Board STM32H7B3I-EVAL: unknown feature type=Meter, name=, username=Power-metering and Temperature-monitoring with sigma-delta modulators, n=1
2020-08-27 14:14:26,098 [WARN] DbBoardsPdsc:258 - Board STM32H7B3I-EVAL: unknown feature type=Motor, name=, username=Motor Control, n=1
2020-08-27 14:14:26,102 [WARN] DbBoardsPdsc:258 - Board STM32H7B3I-DK: unknown feature type=Audio, name=, username=Audio stereo codec with Headphone Amp (CS42L51-CNZ), n=1
2020-08-27 14:14:26,102 [WARN] DbBoardsPdsc:258 - Board STM32H735G-DK: unknown feature type=Audio, name=, username=Audio stereo codec with Headphone Amp (WM8994ECS/R), n=1
2020-08-27 14:14:26,114 [INFO] DbBoardsJson:85 - JSON generation date=Thu Jul 02 15:35:57 CEST 2020 (1593696957)
2020-08-27 14:14:26,119 [INFO] DbBoards:117 - Found 152 boards (149 are supported by CubeMX)
2020-08-27 14:14:26,120 [WARN] DbBoards:149 - board B-G474E-DPOW1 / document id not found: 4624
2020-08-27 14:14:26,120 [WARN] DbBoards:149 - board B-G474E-DPOW1 / document id not found: 4625
2020-08-27 14:14:26,120 [WARN] DbBoards:127 - board B-L462E-CELL1 has no document id list !
2020-08-27 14:14:26,121 [WARN] DbBoards:127 - board B-L475E-IOT01A2 has no document id list !
2020-08-27 14:14:26,123 [WARN] DbBoards:127 - board NUCLEO-G491RE has no document id list !
2020-08-27 14:14:26,123 [WARN] DbBoards:127 - board NUCLEO-H723ZG has no document id list !
2020-08-27 14:14:26,123 [WARN] DbBoards:127 - board NUCLEO-H743ZI2 has no document id list !
2020-08-27 14:14:26,125 [WARN] DbBoards:127 - board NUCLEO-WB55RG has no document id list !
2020-08-27 14:14:26,125 [WARN] DbBoards:127 - board P-NUCLEO-WB55-Nucleo has no document id list !
2020-08-27 14:14:26,125 [WARN] DbBoards:127 - board P-NUCLEO-WB55-USBDongle has no document id list !
2020-08-27 14:14:26,125 [WARN] DbBoards:127 - board STEVAL-BFA001V1B has no document id list !
2020-08-27 14:14:26,126 [WARN] DbBoards:127 - board STEVAL-BFA001V2B has no document id list !
2020-08-27 14:14:26,126 [WARN] DbBoards:127 - board STEVAL-IDP005V1 has no document id list !
2020-08-27 14:14:26,126 [WARN] DbBoards:127 - board STEVAL-IDP005V2 has no document id list !
2020-08-27 14:14:26,126 [WARN] DbBoards:127 - board STEVAL-MKSBOX1V1 has no document id list !
2020-08-27 14:14:26,126 [WARN] DbBoards:127 - board STEVAL-STWINKT1 has no document id list !
2020-08-27 14:14:26,127 [WARN] DbBoards:127 - board STM32F401C-DISCO has no document id list !
2020-08-27 14:14:26,128 [WARN] DbBoards:127 - board STM32F769I-DISC1 has no document id list !
2020-08-27 14:14:26,129 [WARN] DbBoards:127 - board STM32G474E-EVAL1 has no document id list !
2020-08-27 14:14:26,129 [WARN] DbBoards:127 - board STM32H735G-DK has no document id list !
2020-08-27 14:14:26,129 [WARN] DbBoards:127 - board STM32H743I-EVAL2 has no document id list !
2020-08-27 14:14:26,129 [WARN] DbBoards:127 - board STM32H747I-DISC1 has no document id list !
2020-08-27 14:14:26,130 [WARN] DbBoards:127 - board STM32H753I-EVAL2 has no document id list !
2020-08-27 14:14:26,130 [WARN] DbBoards:127 - board STM32L-DISCOVERY has no document id list !
2020-08-27 14:14:26,131 [WARN] DbBoards:127 - board STM32MP157A-DK1 has no document id list !
2020-08-27 14:14:26,132 [WARN] DbBoards:127 - board STM32MP157F-EV1 has no document id list !
2020-08-27 14:14:26,192 [ERROR] DbBoards:192 - No image file URL for board B-L462E-CELL1
2020-08-27 14:14:26,909 [ERROR] DbBoards:189 - Image file not found for board STM32H747I-EVAL: /opt/stm32cubeide/plugins/com.st.stm32cube.common.mx_6.0.0.202007160824//db//plugins/mcufinder/images/boards/stm32h747ieval_small.jpg
2020-08-27 14:14:26,920 [ERROR] DbBoards:189 - Image file not found for board STM32H757I-EVAL: /opt/stm32cubeide/plugins/com.st.stm32cube.common.mx_6.0.0.202007160824//db//plugins/mcufinder/images/boards/stm32h747ieval_small.jpg
2020-08-27 14:14:26,920 [ERROR] DbBoards:189 - Image file not found for board STM32H7B3I-DK: /opt/stm32cubeide/plugins/com.st.stm32cube.common.mx_6.0.0.202007160824//db//plugins/mcufinder/images/boards/stm32h7b3i-dk_small.jpg
2020-08-27 14:14:27,061 [INFO] ApiDb:201 - Load user favorites file /home/jsf/.stm32cubemx/favorites.boards.txt: 0 item(s)
2020-08-27 14:14:27,061 [INFO] ApiDb:205 - User favorites Boards=[]
2020-08-27 14:14:27,061 [INFO] DbBoards:206 - Set 0 / 0 favorites Boards
2020-08-27 14:14:27,234 [INFO] DbExamplesSqlite:156 - SQLite db open (/home/jsf/.stmcufinder/plugins/mcufinder/mcu/cube-finder-db.db)
2020-08-27 14:14:27,740 [INFO] DbExamplesSqlite:447 - Ignored 0 examples not supported by CubeIDE
2020-08-27 14:14:27,740 [INFO] DbExamplesSqlite:448 - Found 4362 examples active
2020-08-27 14:14:27,740 [INFO] DbExamplesSqlite:449 - Found 128 examples obsolete
2020-08-27 14:14:27,740 [INFO] DbExamplesSqlite:450 - Found 196 examples under development
2020-08-27 14:14:27,740 [INFO] DbExamplesSqlite:451 - Found 132 examples not building
2020-08-27 14:14:27,756 [INFO] DbExamplesSqlite:130 - SQLite Data Model version=2.1
2020-08-27 14:14:27,756 [INFO] DbExamplesSqlite:131 - SQLite Configuration version=2.8
2020-08-27 14:14:27,756 [INFO] DbExamplesSqlite:132 - SQLite generation date=2020-07-03 (1593795692)
2020-08-27 14:14:27,756 [INFO] DbExamplesSqlite:133 - SQLite FW Pack versions=[STM32Cube_FW_F4_V1.25.0, STM32Cube_FW_F7_V1.16.0, STM32Cube_FW_G0_V1.3.0, STM32Cube_FW_G4_V1.3.0, STM32Cube_FW_H7_V1.8.0, STM32Cube_FW_L5_V1.3.0, STM32Cube_FW_WB_V1.8.0, STM32Cube_FW_WL_V0.6.0]
2020-08-27 14:14:27,757 [INFO] DbExamples:123 - Found 4494 examples
2020-08-27 14:14:28,501 [ERROR] DbExamples:199 - Found 288 examples with invalid data (board or MCU)
2020-08-27 14:14:28,501 [INFO] DbExamples:215 - Found 58 boards with related examples
2020-08-27 14:14:28,516 [INFO] DbExamples:228 - Found 44 MCUs with related examples
2020-08-27 14:14:28,536 [INFO] ApiDb:192 - User favorites file not found: /home/jsf/.stm32cubemx/favorites.examples.txt
2020-08-27 14:14:28,536 [INFO] DbExamples:249 - Set 0 / 0 favorites Examples
2020-08-27 14:14:28,953 [INFO] McuFinderGlobals:40 - Set McuFinder mode to 2 (CubeIDE integrated)
2020-08-27 14:14:29,095 [INFO] CrossSelectorPresenter:1330 - Cross Selector saved comparison directory: /home/jsf/.stmcufinder/plugins/mcufinder/mcu/cs_comparisons_mx
2020-08-27 14:14:29,108 [INFO] MultiScanPanel:193 - Auto-refresh data requested => check proxy status ongoing
2020-08-27 14:14:29,110 [INFO] FinderPluginLoader:87 - Searching for filters in installed packs
2020-08-27 14:14:30,277 [INFO] ServerAccessManage:348 - Download File 
2020-08-27 14:14:30,325 [INFO] LoadUrlFilesThread:162 - End of LoadServerUrlFiles without Thread
2020-08-27 14:14:30,388 [INFO] DetailPanel:331 - Set advertising image to /home/jsf/STM32Cube/Repository//stm32cubemx-promo_image.jpg
2020-08-27 14:14:31,303 [INFO] McuFilterPanel:245 - Update 0 favorites MCUs
2020-08-27 14:15:16,478 [INFO] MultiScanPanel:193 - Auto-refresh data requested => check proxy status ongoing
2020-08-27 14:15:16,601 [INFO] LoadUrlFilesThread:162 - End of LoadServerUrlFiles without Thread
2020-08-27 14:15:16,601 [INFO] DetailPanel:331 - Set advertising image to /home/jsf/STM32Cube/Repository//stm32cubemx-promo_image.jpg
2020-08-27 14:15:16,655 [INFO] BoardFilterPanel:214 - Update 0 favorites Boards
2020-08-27 14:18:03,189 [INFO] BoardResultTable:599 - Mark Board NUCLEO-F207ZG as favorite
2020-08-27 14:18:03,214 [INFO] BoardResultTable:599 - Unmark Board NUCLEO-F207ZG as favorite
2020-08-27 14:18:03,217 [INFO] BoardResultTable:599 - Mark Board NUCLEO-F207ZG as favorite
2020-08-27 14:18:03,222 [INFO] BoardResultTable:599 - Unmark Board NUCLEO-F207ZG as favorite
2020-08-27 14:18:46,628 [INFO] ServerAccessManage:348 - Download File DB3171.pdf
2020-08-27 14:18:46,915 [INFO] LoadUrlFilesThread:135 - End of LoadUrlFiles Thread
2020-08-27 14:18:47,100 [INFO] BoardAction:143 - Datasheet
2020-08-27 14:19:20,466 [INFO] BoardAction:78 - Docs & Resources
2020-08-27 14:19:23,443 [INFO] BoardAction:78 - Docs & Resources
2020-08-27 14:19:23,627 [INFO] BoardAction:78 - Docs & Resources
2020-08-27 14:19:27,778 [INFO] BoardAction:143 - Datasheet
2020-08-27 14:19:30,767 [INFO] BoardAction:78 - Docs & Resources
2020-08-27 14:19:30,927 [INFO] BoardAction:78 - Docs & Resources
2020-08-27 14:19:31,100 [INFO] BoardAction:78 - Docs & Resources
2020-08-27 14:19:31,256 [INFO] BoardAction:78 - Docs & Resources
2020-08-27 14:19:32,102 [INFO] ServerAccessManage:348 - Download File 
2020-08-27 14:19:32,169 [INFO] LoadUrlFilesThread:162 - End of LoadServerUrlFiles without Thread
2020-08-27 14:19:32,192 [INFO] BoardAction:180 - Large Picture
2020-08-27 14:19:40,581 [INFO] BoardAction:78 - Docs & Resources
2020-08-27 14:20:09,978 [INFO] BoardResultTable:599 - Mark Board NUCLEO-F207ZG as favorite
2020-08-27 14:20:17,028 [INFO] BoardAction:78 - Docs & Resources
2020-08-27 14:20:17,155 [INFO] BoardAction:78 - Docs & Resources
2020-08-27 14:20:17,301 [INFO] BoardAction:78 - Docs & Resources
2020-08-27 14:20:17,701 [INFO] BoardAction:78 - Docs & Resources
2020-08-27 14:20:17,857 [INFO] BoardAction:78 - Docs & Resources
2020-08-27 14:20:18,097 [INFO] BoardAction:78 - Docs & Resources
2020-08-27 14:20:18,243 [INFO] BoardAction:78 - Docs & Resources
2020-08-27 14:20:18,379 [INFO] BoardAction:78 - Docs & Resources
2020-08-27 14:20:18,516 [INFO] BoardAction:78 - Docs & Resources
2020-08-27 14:20:18,660 [INFO] BoardAction:78 - Docs & Resources
2020-08-27 14:20:18,804 [INFO] BoardAction:78 - Docs & Resources
2020-08-27 14:20:21,096 [INFO] BoardAction:47 - Features
2020-08-27 14:20:21,569 [INFO] BoardAction:47 - Features
2020-08-27 14:20:21,732 [INFO] BoardAction:47 - Features
2020-08-27 14:21:24,368 [INFO] ServerAccessManage:348 - Download File DS6329.pdf
2020-08-27 14:21:24,695 [INFO] LoadUrlFilesThread:135 - End of LoadUrlFiles Thread
2020-08-27 14:21:24,760 [INFO] McuAction:142 - Datasheet
2020-08-27 14:21:37,701 [INFO] McuAction:78 - Docs & Resources
2020-08-27 14:22:55,717 [INFO] MultiScanPanel:193 - Auto-refresh data requested => check proxy status ongoing
2020-08-27 14:22:56,444 [INFO] LoadUrlFilesThread:162 - End of LoadServerUrlFiles without Thread
2020-08-27 14:22:56,444 [INFO] DetailPanel:331 - Set advertising image to /home/jsf/STM32Cube/Repository//stm32cubemx-promo_image.jpg
2020-08-27 14:22:57,744 [INFO] ExampleFilterPanel:266 - Update 0 favorites Examples
2020-08-27 14:23:06,327 [INFO] LoadUrlFilesThread:162 - End of LoadServerUrlFiles without Thread
2020-08-27 14:23:06,332 [INFO] BoardAction:180 - Large Picture
2020-08-27 14:23:07,202 [INFO] BoardAction:78 - Docs & Resources
2020-08-27 14:23:07,375 [INFO] BoardAction:78 - Docs & Resources
2020-08-27 14:23:07,539 [INFO] BoardAction:78 - Docs & Resources
2020-08-27 14:23:07,795 [INFO] BoardAction:78 - Docs & Resources
2020-08-27 14:23:07,954 [INFO] BoardAction:78 - Docs & Resources
2020-08-27 14:23:08,131 [INFO] BoardAction:78 - Docs & Resources
2020-08-27 14:23:08,353 [INFO] BoardAction:78 - Docs & Resources
2020-08-27 14:23:08,496 [INFO] BoardAction:78 - Docs & Resources
2020-08-27 14:23:08,831 [INFO] BoardAction:78 - Docs & Resources
2020-08-27 14:23:08,974 [INFO] BoardAction:78 - Docs & Resources
2020-08-27 14:23:09,100 [INFO] BoardAction:78 - Docs & Resources
2020-08-27 14:23:09,260 [INFO] BoardAction:78 - Docs & Resources
2020-08-27 14:23:09,406 [INFO] BoardAction:78 - Docs & Resources
2020-08-27 14:23:27,763 [INFO] ServerAccessManage:348 - Download File RM0033.pdf
2020-08-27 14:23:29,445 [INFO] LoadUrlFilesThread:135 - End of LoadUrlFiles Thread
2020-08-27 14:24:34,409 [INFO] LogOutputStream:76 - [STDOUT_REDIRECT] withoutVersionV1.9.0
2020-08-27 14:24:49,434 [INFO] ApiDb:226 - Save user favorites file /home/jsf/.stm32cubeide/favorites.mcus.txt: 0 item(s)
2020-08-27 14:24:49,449 [INFO] ApiDb:230 - User favorites MCUs=[]
2020-08-27 14:24:49,459 [INFO] ApiDb:226 - Save user favorites file /home/jsf/.stm32cubeide/favorites.boards.txt: 1 item(s)
2020-08-27 14:24:49,459 [INFO] ApiDb:230 - User favorites Boards=[NUCLEO-F207ZG]
2020-08-27 14:24:49,478 [INFO] ApiDb:226 - Save user favorites file /home/jsf/.stm32cubeide/favorites.examples.txt: 0 item(s)
2020-08-27 14:24:49,479 [INFO] ApiDb:230 - User favorites Examples=[]
